{"D:\\personal\\testTrendMicro\\lib\\envVarsChecker.js": {"path":"D:\\personal\\testTrendMicro\\lib\\envVarsChecker.js","statementMap":{"0":{"start":{"line":1,"column":0},"end":{"line":11,"column":2}},"1":{"start":{"line":2,"column":19},"end":{"line":2,"column":61}},"2":{"start":{"line":3,"column":18},"end":{"line":3,"column":20}},"3":{"start":{"line":5,"column":2},"end":{"line":9,"column":5}},"4":{"start":{"line":6,"column":4},"end":{"line":8,"column":5}},"5":{"start":{"line":7,"column":6},"end":{"line":7,"column":27}},"6":{"start":{"line":10,"column":2},"end":{"line":10,"column":17}}},"fnMap":{"0":{"name":"(anonymous_0)","decl":{"start":{"line":1,"column":17},"end":{"line":1,"column":18}},"loc":{"start":{"line":1,"column":26},"end":{"line":11,"column":1}},"line":1},"1":{"name":"(anonymous_1)","decl":{"start":{"line":5,"column":19},"end":{"line":5,"column":20}},"loc":{"start":{"line":5,"column":31},"end":{"line":9,"column":3}},"line":5}},"branchMap":{"0":{"loc":{"start":{"line":6,"column":4},"end":{"line":8,"column":5}},"type":"if","locations":[{"start":{"line":6,"column":4},"end":{"line":8,"column":5}},{"start":{"line":6,"column":4},"end":{"line":8,"column":5}}],"line":6}},"s":{"0":3,"1":10,"2":10,"3":10,"4":20,"5":6,"6":10},"f":{"0":10,"1":20},"b":{"0":[6,14]},"_coverageSchema":"1a1c01bbd47fc00a2c39e90264f33305004495a9","hash":"8675a13908eb15c71281f739116b5bcabd6aec67"}
,"D:\\personal\\testTrendMicro\\src\\config.js": {"path":"D:\\personal\\testTrendMicro\\src\\config.js","statementMap":{"0":{"start":{"line":1,"column":12},"end":{"line":1,"column":26}},"1":{"start":{"line":3,"column":13},"end":{"line":9,"column":1}},"2":{"start":{"line":11,"column":0},"end":{"line":15,"column":2}}},"fnMap":{},"branchMap":{},"s":{"0":1,"1":1,"2":1},"f":{},"b":{},"_coverageSchema":"1a1c01bbd47fc00a2c39e90264f33305004495a9","hash":"3c457fbb19e7aaab880cc2ee40b1c25c14824b54"}
,"D:\\personal\\testTrendMicro\\src\\create.js": {"path":"D:\\personal\\testTrendMicro\\src\\create.js","statementMap":{"0":{"start":{"line":3,"column":12},"end":{"line":3,"column":26}},"1":{"start":{"line":4,"column":13},"end":{"line":4,"column":28}},"2":{"start":{"line":5,"column":12},"end":{"line":5,"column":49}},"3":{"start":{"line":6,"column":10},"end":{"line":6,"column":28}},"4":{"start":{"line":7,"column":16},"end":{"line":7,"column":48}},"5":{"start":{"line":9,"column":0},"end":{"line":9,"column":54}},"6":{"start":{"line":11,"column":15},"end":{"line":11,"column":34}},"7":{"start":{"line":12,"column":15},"end":{"line":12,"column":53}},"8":{"start":{"line":14,"column":29},"end":{"line":23,"column":1}},"9":{"start":{"line":15,"column":14},"end":{"line":15,"column":27}},"10":{"start":{"line":16,"column":17},"end":{"line":19,"column":3}},"11":{"start":{"line":20,"column":2},"end":{"line":22,"column":5}},"12":{"start":{"line":21,"column":2},"end":{"line":21,"column":48}},"13":{"start":{"line":25,"column":0},"end":{"line":87,"column":2}},"14":{"start":{"line":26,"column":19},"end":{"line":26,"column":26}},"15":{"start":{"line":28,"column":2},"end":{"line":28,"column":72}},"16":{"start":{"line":31,"column":18},"end":{"line":31,"column":38}},"17":{"start":{"line":32,"column":2},"end":{"line":39,"column":3}},"18":{"start":{"line":33,"column":17},"end":{"line":33,"column":35}},"19":{"start":{"line":34,"column":4},"end":{"line":38,"column":6}},"20":{"start":{"line":42,"column":15},"end":{"line":42,"column":37}},"21":{"start":{"line":43,"column":22},"end":{"line":43,"column":43}},"22":{"start":{"line":45,"column":2},"end":{"line":52,"column":3}},"23":{"start":{"line":46,"column":4},"end":{"line":46,"column":77}},"24":{"start":{"line":47,"column":4},"end":{"line":51,"column":6}},"25":{"start":{"line":55,"column":31},"end":{"line":55,"column":75}},"26":{"start":{"line":57,"column":17},"end":{"line":67,"column":3}},"27":{"start":{"line":69,"column":2},"end":{"line":86,"column":3}},"28":{"start":{"line":70,"column":4},"end":{"line":70,"column":41}},"29":{"start":{"line":71,"column":4},"end":{"line":78,"column":6}},"30":{"start":{"line":80,"column":4},"end":{"line":80,"column":50}},"31":{"start":{"line":81,"column":4},"end":{"line":85,"column":6}}},"fnMap":{"0":{"name":"(anonymous_0)","decl":{"start":{"line":14,"column":29},"end":{"line":14,"column":30}},"loc":{"start":{"line":14,"column":46},"end":{"line":23,"column":1}},"line":14},"1":{"name":"(anonymous_1)","decl":{"start":{"line":20,"column":44},"end":{"line":20,"column":45}},"loc":{"start":{"line":20,"column":54},"end":{"line":22,"column":3}},"line":20},"2":{"name":"(anonymous_2)","decl":{"start":{"line":25,"column":24},"end":{"line":25,"column":25}},"loc":{"start":{"line":25,"column":41},"end":{"line":87,"column":1}},"line":25}},"branchMap":{"0":{"loc":{"start":{"line":32,"column":2},"end":{"line":39,"column":3}},"type":"if","locations":[{"start":{"line":32,"column":2},"end":{"line":39,"column":3}},{"start":{"line":32,"column":2},"end":{"line":39,"column":3}}],"line":32},"1":{"loc":{"start":{"line":45,"column":2},"end":{"line":52,"column":3}},"type":"if","locations":[{"start":{"line":45,"column":2},"end":{"line":52,"column":3}},{"start":{"line":45,"column":2},"end":{"line":52,"column":3}}],"line":45},"2":{"loc":{"start":{"line":82,"column":18},"end":{"line":82,"column":39}},"type":"binary-expr","locations":[{"start":{"line":82,"column":18},"end":{"line":82,"column":32}},{"start":{"line":82,"column":36},"end":{"line":82,"column":39}}],"line":82}},"s":{"0":1,"1":1,"2":1,"3":1,"4":1,"5":1,"6":1,"7":1,"8":1,"9":2,"10":2,"11":2,"12":2,"13":1,"14":4,"15":4,"16":4,"17":4,"18":1,"19":1,"20":3,"21":3,"22":3,"23":1,"24":1,"25":2,"26":2,"27":2,"28":2,"29":1,"30":1,"31":1},"f":{"0":2,"1":2,"2":4},"b":{"0":[1,3],"1":[1,2],"2":[1,1]},"_coverageSchema":"1a1c01bbd47fc00a2c39e90264f33305004495a9","hash":"f90df19c701c5003739abd98b563963f477522ca"}
,"D:\\personal\\testTrendMicro\\src\\list.js": {"path":"D:\\personal\\testTrendMicro\\src\\list.js","statementMap":{"0":{"start":{"line":3,"column":12},"end":{"line":3,"column":49}},"1":{"start":{"line":4,"column":12},"end":{"line":4,"column":30}},"2":{"start":{"line":5,"column":16},"end":{"line":5,"column":48}},"3":{"start":{"line":7,"column":0},"end":{"line":7,"column":54}},"4":{"start":{"line":9,"column":0},"end":{"line":43,"column":2}},"5":{"start":{"line":10,"column":19},"end":{"line":10,"column":26}},"6":{"start":{"line":11,"column":2},"end":{"line":11,"column":72}},"7":{"start":{"line":14,"column":18},"end":{"line":14,"column":38}},"8":{"start":{"line":15,"column":2},"end":{"line":22,"column":3}},"9":{"start":{"line":16,"column":17},"end":{"line":16,"column":35}},"10":{"start":{"line":17,"column":4},"end":{"line":21,"column":6}},"11":{"start":{"line":24,"column":17},"end":{"line":26,"column":3}},"12":{"start":{"line":28,"column":2},"end":{"line":42,"column":3}},"13":{"start":{"line":29,"column":16},"end":{"line":29,"column":53}},"14":{"start":{"line":30,"column":18},"end":{"line":30,"column":27}},"15":{"start":{"line":31,"column":4},"end":{"line":34,"column":6}},"16":{"start":{"line":36,"column":4},"end":{"line":36,"column":67}},"17":{"start":{"line":37,"column":4},"end":{"line":41,"column":6}}},"fnMap":{"0":{"name":"(anonymous_0)","decl":{"start":{"line":9,"column":22},"end":{"line":9,"column":23}},"loc":{"start":{"line":9,"column":39},"end":{"line":43,"column":1}},"line":9}},"branchMap":{"0":{"loc":{"start":{"line":15,"column":2},"end":{"line":22,"column":3}},"type":"if","locations":[{"start":{"line":15,"column":2},"end":{"line":22,"column":3}},{"start":{"line":15,"column":2},"end":{"line":22,"column":3}}],"line":15},"1":{"loc":{"start":{"line":38,"column":18},"end":{"line":38,"column":39}},"type":"binary-expr","locations":[{"start":{"line":38,"column":18},"end":{"line":38,"column":32}},{"start":{"line":38,"column":36},"end":{"line":38,"column":39}}],"line":38}},"s":{"0":1,"1":1,"2":1,"3":1,"4":1,"5":3,"6":3,"7":3,"8":3,"9":1,"10":1,"11":2,"12":2,"13":2,"14":1,"15":1,"16":1,"17":1},"f":{"0":3},"b":{"0":[1,2],"1":[1,1]},"_coverageSchema":"1a1c01bbd47fc00a2c39e90264f33305004495a9","hash":"035481f4c8769832e67ada8f8073d837f6711ffc"}
,"D:\\personal\\testTrendMicro\\src\\test-utils.js": {"path":"D:\\personal\\testTrendMicro\\src\\test-utils.js","statementMap":{"0":{"start":{"line":1,"column":16},"end":{"line":1,"column":39}},"1":{"start":{"line":2,"column":12},"end":{"line":2,"column":30}},"2":{"start":{"line":3,"column":0},"end":{"line":3,"column":48}},"3":{"start":{"line":4,"column":0},"end":{"line":4,"column":28}},"4":{"start":{"line":5,"column":14},"end":{"line":5,"column":30}},"5":{"start":{"line":6,"column":13},"end":{"line":6,"column":28}},"6":{"start":{"line":9,"column":0},"end":{"line":9,"column":45}},"7":{"start":{"line":10,"column":0},"end":{"line":10,"column":59}},"8":{"start":{"line":13,"column":25},"end":{"line":21,"column":1}},"9":{"start":{"line":14,"column":2},"end":{"line":20,"column":4}},"10":{"start":{"line":22,"column":0},"end":{"line":22,"column":51}},"11":{"start":{"line":24,"column":25},"end":{"line":24,"column":43}},"12":{"start":{"line":25,"column":25},"end":{"line":25,"column":43}},"13":{"start":{"line":27,"column":0},"end":{"line":27,"column":51}},"14":{"start":{"line":28,"column":0},"end":{"line":28,"column":51}},"15":{"start":{"line":30,"column":33},"end":{"line":32,"column":1}},"16":{"start":{"line":31,"column":2},"end":{"line":31,"column":67}},"17":{"start":{"line":33,"column":0},"end":{"line":33,"column":67}},"18":{"start":{"line":35,"column":20},"end":{"line":43,"column":1}},"19":{"start":{"line":36,"column":2},"end":{"line":42,"column":4}},"20":{"start":{"line":44,"column":0},"end":{"line":44,"column":41}},"21":{"start":{"line":46,"column":20},"end":{"line":46,"column":33}},"22":{"start":{"line":47,"column":20},"end":{"line":47,"column":33}},"23":{"start":{"line":49,"column":0},"end":{"line":49,"column":41}},"24":{"start":{"line":50,"column":0},"end":{"line":50,"column":41}},"25":{"start":{"line":52,"column":21},"end":{"line":52,"column":47}},"26":{"start":{"line":53,"column":0},"end":{"line":53,"column":43}},"27":{"start":{"line":55,"column":24},"end":{"line":59,"column":1}},"28":{"start":{"line":60,"column":0},"end":{"line":60,"column":49}},"29":{"start":{"line":62,"column":0},"end":{"line":68,"column":3}},"30":{"start":{"line":63,"column":2},"end":{"line":65,"column":3}},"31":{"start":{"line":64,"column":4},"end":{"line":64,"column":45}},"32":{"start":{"line":67,"column":2},"end":{"line":67,"column":33}},"33":{"start":{"line":70,"column":0},"end":{"line":78,"column":3}},"34":{"start":{"line":71,"column":2},"end":{"line":75,"column":3}},"35":{"start":{"line":74,"column":4},"end":{"line":74,"column":45}},"36":{"start":{"line":77,"column":2},"end":{"line":77,"column":19}},"37":{"start":{"line":80,"column":0},"end":{"line":82,"column":3}},"38":{"start":{"line":81,"column":2},"end":{"line":81,"column":59}}},"fnMap":{"0":{"name":"(anonymous_0)","decl":{"start":{"line":13,"column":25},"end":{"line":13,"column":26}},"loc":{"start":{"line":13,"column":31},"end":{"line":21,"column":1}},"line":13},"1":{"name":"(anonymous_1)","decl":{"start":{"line":30,"column":33},"end":{"line":30,"column":34}},"loc":{"start":{"line":30,"column":39},"end":{"line":32,"column":1}},"line":30},"2":{"name":"(anonymous_2)","decl":{"start":{"line":35,"column":20},"end":{"line":35,"column":21}},"loc":{"start":{"line":35,"column":26},"end":{"line":43,"column":1}},"line":35},"3":{"name":"(anonymous_3)","decl":{"start":{"line":62,"column":48},"end":{"line":62,"column":49}},"loc":{"start":{"line":62,"column":66},"end":{"line":68,"column":1}},"line":62},"4":{"name":"(anonymous_4)","decl":{"start":{"line":70,"column":47},"end":{"line":70,"column":48}},"loc":{"start":{"line":70,"column":65},"end":{"line":78,"column":1}},"line":70},"5":{"name":"(anonymous_5)","decl":{"start":{"line":80,"column":31},"end":{"line":80,"column":32}},"loc":{"start":{"line":80,"column":48},"end":{"line":82,"column":1}},"line":80}},"branchMap":{"0":{"loc":{"start":{"line":31,"column":9},"end":{"line":31,"column":66}},"type":"cond-expr","locations":[{"start":{"line":31,"column":31},"end":{"line":31,"column":47}},{"start":{"line":31,"column":50},"end":{"line":31,"column":66}}],"line":31},"1":{"loc":{"start":{"line":63,"column":2},"end":{"line":65,"column":3}},"type":"if","locations":[{"start":{"line":63,"column":2},"end":{"line":65,"column":3}},{"start":{"line":63,"column":2},"end":{"line":65,"column":3}}],"line":63},"2":{"loc":{"start":{"line":71,"column":2},"end":{"line":75,"column":3}},"type":"if","locations":[{"start":{"line":71,"column":2},"end":{"line":75,"column":3}},{"start":{"line":71,"column":2},"end":{"line":75,"column":3}}],"line":71},"3":{"loc":{"start":{"line":72,"column":4},"end":{"line":72,"column":76}},"type":"binary-expr","locations":[{"start":{"line":72,"column":4},"end":{"line":72,"column":38}},{"start":{"line":72,"column":42},"end":{"line":72,"column":76}}],"line":72}},"s":{"0":2,"1":2,"2":2,"3":2,"4":2,"5":2,"6":2,"7":2,"8":2,"9":6,"10":2,"11":2,"12":2,"13":2,"14":2,"15":2,"16":3,"17":2,"18":2,"19":4,"20":2,"21":2,"22":2,"23":2,"24":2,"25":2,"26":2,"27":2,"28":2,"29":2,"30":2,"31":1,"32":1,"33":2,"34":2,"35":1,"36":1,"37":2,"38":2},"f":{"0":6,"1":3,"2":4,"3":2,"4":2,"5":2},"b":{"0":[2,1],"1":[1,1],"2":[1,1],"3":[2,1]},"_coverageSchema":"1a1c01bbd47fc00a2c39e90264f33305004495a9","hash":"72fcf74733bafa6754c9dfc3e6eacbecbcf2bdf8"}
}
