{"D:\\personal\\testTrendMicro\\lib\\envVarsChecker.js": {"path":"D:\\personal\\testTrendMicro\\lib\\envVarsChecker.js","statementMap":{"0":{"start":{"line":1,"column":0},"end":{"line":11,"column":2}},"1":{"start":{"line":2,"column":19},"end":{"line":2,"column":61}},"2":{"start":{"line":3,"column":18},"end":{"line":3,"column":20}},"3":{"start":{"line":5,"column":2},"end":{"line":9,"column":5}},"4":{"start":{"line":6,"column":4},"end":{"line":8,"column":5}},"5":{"start":{"line":7,"column":6},"end":{"line":7,"column":27}},"6":{"start":{"line":10,"column":2},"end":{"line":10,"column":17}}},"fnMap":{"0":{"name":"(anonymous_0)","decl":{"start":{"line":1,"column":17},"end":{"line":1,"column":18}},"loc":{"start":{"line":1,"column":26},"end":{"line":11,"column":1}},"line":1},"1":{"name":"(anonymous_1)","decl":{"start":{"line":5,"column":19},"end":{"line":5,"column":20}},"loc":{"start":{"line":5,"column":31},"end":{"line":9,"column":3}},"line":5}},"branchMap":{"0":{"loc":{"start":{"line":6,"column":4},"end":{"line":8,"column":5}},"type":"if","locations":[{"start":{"line":6,"column":4},"end":{"line":8,"column":5}},{"start":{"line":6,"column":4},"end":{"line":8,"column":5}}],"line":6}},"s":{"0":3,"1":10,"2":10,"3":10,"4":20,"5":6,"6":10},"f":{"0":10,"1":20},"b":{"0":[6,14]},"_coverageSchema":"1a1c01bbd47fc00a2c39e90264f33305004495a9","hash":"8675a13908eb15c71281f739116b5bcabd6aec67"}
,"D:\\personal\\testTrendMicro\\src\\config.js": {"path":"D:\\personal\\testTrendMicro\\src\\config.js","statementMap":{"0":{"start":{"line":1,"column":12},"end":{"line":1,"column":26}},"1":{"start":{"line":3,"column":13},"end":{"line":9,"column":1}},"2":{"start":{"line":11,"column":0},"end":{"line":15,"column":2}}},"fnMap":{},"branchMap":{},"s":{"0":1,"1":1,"2":1},"f":{},"b":{},"_coverageSchema":"1a1c01bbd47fc00a2c39e90264f33305004495a9","hash":"3c457fbb19e7aaab880cc2ee40b1c25c14824b54"}
,"D:\\personal\\testTrendMicro\\src\\create.js": {"path":"D:\\personal\\testTrendMicro\\src\\create.js","statementMap":{"0":{"start":{"line":1,"column":12},"end":{"line":1,"column":26}},"1":{"start":{"line":2,"column":13},"end":{"line":2,"column":28}},"2":{"start":{"line":3,"column":12},"end":{"line":3,"column":30}},"3":{"start":{"line":4,"column":16},"end":{"line":4,"column":48}},"4":{"start":{"line":6,"column":0},"end":{"line":6,"column":54}},"5":{"start":{"line":8,"column":15},"end":{"line":8,"column":34}},"6":{"start":{"line":10,"column":15},"end":{"line":10,"column":53}},"7":{"start":{"line":12,"column":29},"end":{"line":21,"column":1}},"8":{"start":{"line":13,"column":14},"end":{"line":13,"column":27}},"9":{"start":{"line":14,"column":17},"end":{"line":17,"column":3}},"10":{"start":{"line":18,"column":2},"end":{"line":20,"column":5}},"11":{"start":{"line":19,"column":4},"end":{"line":19,"column":50}},"12":{"start":{"line":23,"column":0},"end":{"line":78,"column":2}},"13":{"start":{"line":24,"column":19},"end":{"line":24,"column":52}},"14":{"start":{"line":26,"column":2},"end":{"line":26,"column":72}},"15":{"start":{"line":29,"column":18},"end":{"line":29,"column":38}},"16":{"start":{"line":30,"column":2},"end":{"line":36,"column":3}},"17":{"start":{"line":31,"column":17},"end":{"line":31,"column":35}},"18":{"start":{"line":32,"column":4},"end":{"line":35,"column":6}},"19":{"start":{"line":39,"column":15},"end":{"line":39,"column":37}},"20":{"start":{"line":40,"column":22},"end":{"line":40,"column":43}},"21":{"start":{"line":42,"column":2},"end":{"line":48,"column":3}},"22":{"start":{"line":43,"column":4},"end":{"line":43,"column":77}},"23":{"start":{"line":44,"column":4},"end":{"line":47,"column":6}},"24":{"start":{"line":51,"column":31},"end":{"line":51,"column":75}},"25":{"start":{"line":53,"column":17},"end":{"line":63,"column":3}},"26":{"start":{"line":65,"column":2},"end":{"line":77,"column":3}},"27":{"start":{"line":66,"column":4},"end":{"line":66,"column":41}},"28":{"start":{"line":67,"column":4},"end":{"line":70,"column":6}},"29":{"start":{"line":72,"column":4},"end":{"line":72,"column":50}},"30":{"start":{"line":73,"column":4},"end":{"line":76,"column":6}}},"fnMap":{"0":{"name":"(anonymous_0)","decl":{"start":{"line":12,"column":29},"end":{"line":12,"column":30}},"loc":{"start":{"line":12,"column":46},"end":{"line":21,"column":1}},"line":12},"1":{"name":"(anonymous_1)","decl":{"start":{"line":18,"column":44},"end":{"line":18,"column":45}},"loc":{"start":{"line":18,"column":54},"end":{"line":20,"column":3}},"line":18},"2":{"name":"(anonymous_2)","decl":{"start":{"line":23,"column":24},"end":{"line":23,"column":25}},"loc":{"start":{"line":23,"column":41},"end":{"line":78,"column":1}},"line":23}},"branchMap":{"0":{"loc":{"start":{"line":30,"column":2},"end":{"line":36,"column":3}},"type":"if","locations":[{"start":{"line":30,"column":2},"end":{"line":36,"column":3}},{"start":{"line":30,"column":2},"end":{"line":36,"column":3}}],"line":30},"1":{"loc":{"start":{"line":42,"column":2},"end":{"line":48,"column":3}},"type":"if","locations":[{"start":{"line":42,"column":2},"end":{"line":48,"column":3}},{"start":{"line":42,"column":2},"end":{"line":48,"column":3}}],"line":42},"2":{"loc":{"start":{"line":74,"column":18},"end":{"line":74,"column":39}},"type":"binary-expr","locations":[{"start":{"line":74,"column":18},"end":{"line":74,"column":32}},{"start":{"line":74,"column":36},"end":{"line":74,"column":39}}],"line":74}},"s":{"0":1,"1":1,"2":1,"3":1,"4":1,"5":1,"6":1,"7":1,"8":2,"9":2,"10":2,"11":2,"12":1,"13":4,"14":4,"15":4,"16":4,"17":1,"18":1,"19":3,"20":3,"21":3,"22":1,"23":1,"24":2,"25":2,"26":2,"27":2,"28":1,"29":1,"30":1},"f":{"0":2,"1":2,"2":4},"b":{"0":[1,3],"1":[1,2],"2":[1,1]},"_coverageSchema":"1a1c01bbd47fc00a2c39e90264f33305004495a9","hash":"1f1bf533d9ed409f57c1ec36c841eeb829f2ea66"}
,"D:\\personal\\testTrendMicro\\src\\list.js": {"path":"D:\\personal\\testTrendMicro\\src\\list.js","statementMap":{"0":{"start":{"line":1,"column":12},"end":{"line":1,"column":30}},"1":{"start":{"line":2,"column":16},"end":{"line":2,"column":48}},"2":{"start":{"line":4,"column":0},"end":{"line":4,"column":54}},"3":{"start":{"line":6,"column":0},"end":{"line":39,"column":2}},"4":{"start":{"line":7,"column":19},"end":{"line":7,"column":52}},"5":{"start":{"line":8,"column":2},"end":{"line":8,"column":72}},"6":{"start":{"line":11,"column":18},"end":{"line":11,"column":38}},"7":{"start":{"line":12,"column":2},"end":{"line":18,"column":3}},"8":{"start":{"line":13,"column":17},"end":{"line":13,"column":35}},"9":{"start":{"line":14,"column":4},"end":{"line":17,"column":6}},"10":{"start":{"line":20,"column":17},"end":{"line":23,"column":3}},"11":{"start":{"line":25,"column":2},"end":{"line":38,"column":3}},"12":{"start":{"line":26,"column":16},"end":{"line":26,"column":53}},"13":{"start":{"line":27,"column":18},"end":{"line":27,"column":27}},"14":{"start":{"line":28,"column":4},"end":{"line":31,"column":6}},"15":{"start":{"line":33,"column":4},"end":{"line":33,"column":67}},"16":{"start":{"line":34,"column":4},"end":{"line":37,"column":6}}},"fnMap":{"0":{"name":"(anonymous_0)","decl":{"start":{"line":6,"column":22},"end":{"line":6,"column":23}},"loc":{"start":{"line":6,"column":39},"end":{"line":39,"column":1}},"line":6}},"branchMap":{"0":{"loc":{"start":{"line":12,"column":2},"end":{"line":18,"column":3}},"type":"if","locations":[{"start":{"line":12,"column":2},"end":{"line":18,"column":3}},{"start":{"line":12,"column":2},"end":{"line":18,"column":3}}],"line":12},"1":{"loc":{"start":{"line":35,"column":18},"end":{"line":35,"column":39}},"type":"binary-expr","locations":[{"start":{"line":35,"column":18},"end":{"line":35,"column":32}},{"start":{"line":35,"column":36},"end":{"line":35,"column":39}}],"line":35}},"s":{"0":1,"1":1,"2":1,"3":1,"4":3,"5":3,"6":3,"7":3,"8":1,"9":1,"10":2,"11":2,"12":2,"13":1,"14":1,"15":1,"16":1},"f":{"0":3},"b":{"0":[1,2],"1":[1,1]},"_coverageSchema":"1a1c01bbd47fc00a2c39e90264f33305004495a9","hash":"58af3881779f29869af41fd00678c492f9013744"}
,"D:\\personal\\testTrendMicro\\src\\test-utils.js": {"path":"D:\\personal\\testTrendMicro\\src\\test-utils.js","statementMap":{"0":{"start":{"line":1,"column":16},"end":{"line":1,"column":39}},"1":{"start":{"line":2,"column":12},"end":{"line":2,"column":30}},"2":{"start":{"line":4,"column":0},"end":{"line":4,"column":48}},"3":{"start":{"line":5,"column":0},"end":{"line":5,"column":28}},"4":{"start":{"line":7,"column":14},"end":{"line":7,"column":30}},"5":{"start":{"line":8,"column":13},"end":{"line":8,"column":28}},"6":{"start":{"line":11,"column":0},"end":{"line":11,"column":45}},"7":{"start":{"line":12,"column":0},"end":{"line":12,"column":59}},"8":{"start":{"line":15,"column":25},"end":{"line":23,"column":1}},"9":{"start":{"line":16,"column":2},"end":{"line":22,"column":4}},"10":{"start":{"line":24,"column":0},"end":{"line":24,"column":51}},"11":{"start":{"line":26,"column":25},"end":{"line":26,"column":43}},"12":{"start":{"line":27,"column":25},"end":{"line":27,"column":43}},"13":{"start":{"line":29,"column":0},"end":{"line":29,"column":51}},"14":{"start":{"line":30,"column":0},"end":{"line":30,"column":51}},"15":{"start":{"line":32,"column":33},"end":{"line":34,"column":1}},"16":{"start":{"line":33,"column":2},"end":{"line":33,"column":67}},"17":{"start":{"line":35,"column":0},"end":{"line":35,"column":67}},"18":{"start":{"line":37,"column":20},"end":{"line":45,"column":1}},"19":{"start":{"line":38,"column":2},"end":{"line":44,"column":4}},"20":{"start":{"line":46,"column":0},"end":{"line":46,"column":41}},"21":{"start":{"line":48,"column":20},"end":{"line":48,"column":33}},"22":{"start":{"line":49,"column":20},"end":{"line":49,"column":33}},"23":{"start":{"line":51,"column":0},"end":{"line":51,"column":41}},"24":{"start":{"line":52,"column":0},"end":{"line":52,"column":41}},"25":{"start":{"line":54,"column":21},"end":{"line":54,"column":47}},"26":{"start":{"line":55,"column":0},"end":{"line":55,"column":43}},"27":{"start":{"line":57,"column":24},"end":{"line":61,"column":1}},"28":{"start":{"line":62,"column":0},"end":{"line":62,"column":49}},"29":{"start":{"line":64,"column":0},"end":{"line":70,"column":3}},"30":{"start":{"line":65,"column":2},"end":{"line":67,"column":3}},"31":{"start":{"line":66,"column":4},"end":{"line":66,"column":45}},"32":{"start":{"line":69,"column":2},"end":{"line":69,"column":33}},"33":{"start":{"line":72,"column":0},"end":{"line":80,"column":3}},"34":{"start":{"line":73,"column":2},"end":{"line":77,"column":3}},"35":{"start":{"line":76,"column":4},"end":{"line":76,"column":45}},"36":{"start":{"line":79,"column":2},"end":{"line":79,"column":19}},"37":{"start":{"line":82,"column":0},"end":{"line":84,"column":3}},"38":{"start":{"line":83,"column":2},"end":{"line":83,"column":59}}},"fnMap":{"0":{"name":"(anonymous_0)","decl":{"start":{"line":15,"column":25},"end":{"line":15,"column":26}},"loc":{"start":{"line":15,"column":31},"end":{"line":23,"column":1}},"line":15},"1":{"name":"(anonymous_1)","decl":{"start":{"line":32,"column":33},"end":{"line":32,"column":34}},"loc":{"start":{"line":32,"column":39},"end":{"line":34,"column":1}},"line":32},"2":{"name":"(anonymous_2)","decl":{"start":{"line":37,"column":20},"end":{"line":37,"column":21}},"loc":{"start":{"line":37,"column":26},"end":{"line":45,"column":1}},"line":37},"3":{"name":"(anonymous_3)","decl":{"start":{"line":64,"column":48},"end":{"line":64,"column":49}},"loc":{"start":{"line":64,"column":60},"end":{"line":70,"column":1}},"line":64},"4":{"name":"(anonymous_4)","decl":{"start":{"line":72,"column":47},"end":{"line":72,"column":48}},"loc":{"start":{"line":72,"column":59},"end":{"line":80,"column":1}},"line":72},"5":{"name":"(anonymous_5)","decl":{"start":{"line":82,"column":31},"end":{"line":82,"column":32}},"loc":{"start":{"line":82,"column":43},"end":{"line":84,"column":1}},"line":82}},"branchMap":{"0":{"loc":{"start":{"line":33,"column":9},"end":{"line":33,"column":66}},"type":"cond-expr","locations":[{"start":{"line":33,"column":31},"end":{"line":33,"column":47}},{"start":{"line":33,"column":50},"end":{"line":33,"column":66}}],"line":33},"1":{"loc":{"start":{"line":65,"column":2},"end":{"line":67,"column":3}},"type":"if","locations":[{"start":{"line":65,"column":2},"end":{"line":67,"column":3}},{"start":{"line":65,"column":2},"end":{"line":67,"column":3}}],"line":65},"2":{"loc":{"start":{"line":73,"column":2},"end":{"line":77,"column":3}},"type":"if","locations":[{"start":{"line":73,"column":2},"end":{"line":77,"column":3}},{"start":{"line":73,"column":2},"end":{"line":77,"column":3}}],"line":73},"3":{"loc":{"start":{"line":74,"column":4},"end":{"line":74,"column":76}},"type":"binary-expr","locations":[{"start":{"line":74,"column":4},"end":{"line":74,"column":38}},{"start":{"line":74,"column":42},"end":{"line":74,"column":76}}],"line":74}},"s":{"0":2,"1":2,"2":2,"3":2,"4":2,"5":2,"6":2,"7":2,"8":2,"9":6,"10":2,"11":2,"12":2,"13":2,"14":2,"15":2,"16":4,"17":2,"18":2,"19":4,"20":2,"21":2,"22":2,"23":2,"24":2,"25":2,"26":2,"27":2,"28":2,"29":2,"30":2,"31":1,"32":1,"33":2,"34":2,"35":1,"36":1,"37":2,"38":2},"f":{"0":6,"1":4,"2":4,"3":2,"4":2,"5":2},"b":{"0":[1,3],"1":[1,1],"2":[1,1],"3":[2,1]},"_coverageSchema":"1a1c01bbd47fc00a2c39e90264f33305004495a9","hash":"a2c5c05a5e51a870d51f40780ae5d718bbfb4425"}
}
