TN:
SF:lib\envVarsChecker.js
FN:1,(anonymous_0)
FN:5,(anonymous_1)
FNF:2
FNH:2
FNDA:10,(anonymous_0)
FNDA:20,(anonymous_1)
DA:1,3
DA:2,10
DA:3,10
DA:5,10
DA:6,20
DA:7,6
DA:10,10
LF:7
LH:7
BRDA:6,0,0,6
BRDA:6,0,1,14
BRF:2
BRH:2
end_of_record
TN:
SF:src\config.js
FNF:0
FNH:0
DA:1,1
DA:3,1
DA:11,1
LF:3
LH:3
BRF:0
BRH:0
end_of_record
TN:
SF:src\create.js
FN:12,(anonymous_0)
FN:18,(anonymous_1)
FN:23,(anonymous_2)
FNF:3
FNH:3
FNDA:2,(anonymous_0)
FNDA:2,(anonymous_1)
FNDA:4,(anonymous_2)
DA:1,1
DA:2,1
DA:3,1
DA:4,1
DA:6,1
DA:8,1
DA:10,1
DA:12,1
DA:13,2
DA:14,2
DA:18,2
DA:19,2
DA:23,1
DA:24,4
DA:26,4
DA:29,4
DA:30,4
DA:31,1
DA:32,1
DA:39,3
DA:40,3
DA:42,3
DA:43,1
DA:44,1
DA:51,2
DA:53,2
DA:65,2
DA:66,2
DA:67,1
DA:72,1
DA:73,1
LF:31
LH:31
BRDA:30,0,0,1
BRDA:30,0,1,3
BRDA:42,1,0,1
BRDA:42,1,1,2
BRDA:74,2,0,1
BRDA:74,2,1,1
BRF:6
BRH:6
end_of_record
TN:
SF:src\list.js
FN:6,(anonymous_0)
FNF:1
FNH:1
FNDA:3,(anonymous_0)
DA:1,1
DA:2,1
DA:4,1
DA:6,1
DA:7,3
DA:8,3
DA:11,3
DA:12,3
DA:13,1
DA:14,1
DA:20,2
DA:25,2
DA:26,2
DA:27,1
DA:28,1
DA:33,1
DA:34,1
LF:17
LH:17
BRDA:12,0,0,1
BRDA:12,0,1,2
BRDA:35,1,0,1
BRDA:35,1,1,1
BRF:4
BRH:4
end_of_record
TN:
SF:src\test-utils.js
FN:15,(anonymous_0)
FN:32,(anonymous_1)
FN:37,(anonymous_2)
FN:64,(anonymous_3)
FN:72,(anonymous_4)
FN:82,(anonymous_5)
FNF:6
FNH:6
FNDA:6,(anonymous_0)
FNDA:4,(anonymous_1)
FNDA:4,(anonymous_2)
FNDA:2,(anonymous_3)
FNDA:2,(anonymous_4)
FNDA:2,(anonymous_5)
DA:1,2
DA:2,2
DA:4,2
DA:5,2
DA:7,2
DA:8,2
DA:11,2
DA:12,2
DA:15,2
DA:16,6
DA:24,2
DA:26,2
DA:27,2
DA:29,2
DA:30,2
DA:32,2
DA:33,4
DA:35,2
DA:37,2
DA:38,4
DA:46,2
DA:48,2
DA:49,2
DA:51,2
DA:52,2
DA:54,2
DA:55,2
DA:57,2
DA:62,2
DA:64,2
DA:65,2
DA:66,1
DA:69,1
DA:72,2
DA:73,2
DA:76,1
DA:79,1
DA:82,2
DA:83,2
LF:39
LH:39
BRDA:33,0,0,1
BRDA:33,0,1,3
BRDA:65,1,0,1
BRDA:65,1,1,1
BRDA:73,2,0,1
BRDA:73,2,1,1
BRDA:74,3,0,2
BRDA:74,3,1,1
BRF:8
BRH:8
end_of_record
